<?xml version="1.0" encoding="UTF-8"?>
<!-- Generated by org.testng.reporters.JUnitXMLReporter -->
<testsuite hostname="Jayesh-PC" ignored="2" name="Command line test" tests="1" failures="0" timestamp="2020-01-20T20:41:05 GMT" time="206.946" errors="0">
  <testcase name="TC_001_ClientItemPurchaseJourney" time="147.77" classname="tests.GeneralStoreAppTest"/>
  <testcase name="@AfterTest afterTest" time="0.0" classname="tests.BaseTest">
    <ignored/>
  </testcase> <!-- @AfterTest afterTest -->
  <testcase name="@BeforeTest beforeTest" time="0.0" classname="tests.BaseTest">
    <ignored/>
  </testcase> <!-- @BeforeTest beforeTest -->
</testsuite> <!-- Command line test -->
