<?xml version="1.0" encoding="UTF-8"?>
<testng-results skipped="0" failed="0" ignored="2" total="3" passed="1">
  <reporter-output>
  </reporter-output>
  <suite name="Command line suite" duration-ms="206946" started-at="2020-01-20T20:37:37 GMT" finished-at="2020-01-20T20:41:04 GMT">
    <groups>
    </groups>
    <test name="Command line test" duration-ms="206946" started-at="2020-01-20T20:37:37 GMT" finished-at="2020-01-20T20:41:04 GMT">
      <class name="tests.BaseTest">
        <test-method status="PASS" signature="beforeTest()[pri:0, instance:tests.BaseTest@a67c67e]" name="beforeTest" is-config="true" duration-ms="20411" started-at="2020-01-20T20:37:37 GMT" finished-at="2020-01-20T20:37:58 GMT">
          <reporter-output>
          </reporter-output>
        </test-method> <!-- beforeTest -->
        <test-method status="PASS" signature="afterTest()[pri:0, instance:tests.BaseTest@a67c67e]" name="afterTest" is-config="true" duration-ms="51" started-at="2020-01-20T20:41:04 GMT" finished-at="2020-01-20T20:41:04 GMT">
          <reporter-output>
          </reporter-output>
        </test-method> <!-- afterTest -->
      </class> <!-- tests.BaseTest -->
      <class name="tests.GeneralStoreAppTest">
        <test-method status="PASS" signature="beforeClass()[pri:0, instance:tests.GeneralStoreAppTest@3327bd23]" name="beforeClass" is-config="true" duration-ms="38642" started-at="2020-01-20T20:37:58 GMT" finished-at="2020-01-20T20:38:37 GMT">
          <reporter-output>
          </reporter-output>
        </test-method> <!-- beforeClass -->
        <test-method status="PASS" signature="TC_001_ClientItemPurchaseJourney()[pri:0, instance:tests.GeneralStoreAppTest@3327bd23]" name="TC_001_ClientItemPurchaseJourney" duration-ms="147770" started-at="2020-01-20T20:38:37 GMT" finished-at="2020-01-20T20:41:04 GMT">
          <reporter-output>
          </reporter-output>
        </test-method> <!-- TC_001_ClientItemPurchaseJourney -->
      </class> <!-- tests.GeneralStoreAppTest -->
    </test> <!-- Command line test -->
  </suite> <!-- Command line suite -->
</testng-results>
